# JRE version: Java(TM) SE Runtime Environment (8.0_111-b14) (build 1.8.0_111-b14)
# Java VM: Java HotSpot(TM) Server VM (25.111-b14 mixed mode linux-x86 )
Heap:
 PSYoungGen      total 55552K, used 16K [0x9d380000, 0xa0fc0000, 0xa7800000)
  eden space 49408K, 0% used [0x9d380000,0x9d380000,0xa03c0000)
  from space 6144K, 0% used [0xa03c0000,0xa03c4000,0xa09c0000)
  to   space 4608K, 0% used [0xa0b40000,0xa0b40000,0xa0fc0000)
 ParOldGen       total 48128K, used 27887K [0x88a00000, 0x8b900000, 0x9d380000)
  object space 48128K, 57% used [0x88a00000,0x8a53bce0,0x8b900000)
 Metaspace       used 13176K, capacity 13397K, committed 13464K, reserved 13616K
GC Heap History (10 events):
Event: 352.344 GC heap after
Heap after GC invocations=14 (full 2):
 PSYoungGen      total 36608K, used 265K [0x9d380000, 0x9fd80000, 0xa7800000)
  eden space 30720K, 0% used [0x9d380000,0x9d380000,0x9f180000)
  from space 5888K, 4% used [0x9f7c0000,0x9f8027a0,0x9fd80000)
  to   space 6144K, 0% used [0x9f180000,0x9f180000,0x9f780000)
 ParOldGen       total 48128K, used 27646K [0x88a00000, 0x8b900000, 0x9d380000)
  object space 48128K, 57% used [0x88a00000,0x8a4ffb78,0x8b900000)
 Metaspace       used 13170K, capacity 13397K, committed 13464K, reserved 13616K
}
Event: 352.701 GC heap before
{Heap before GC invocations=15 (full 2):
 PSYoungGen      total 36608K, used 30985K [0x9d380000, 0x9fd80000, 0xa7800000)
  eden space 30720K, 100% used [0x9d380000,0x9f180000,0x9f180000)
  from space 5888K, 4% used [0x9f7c0000,0x9f8027a0,0x9fd80000)
  to   space 6144K, 0% used [0x9f180000,0x9f180000,0x9f780000)
 ParOldGen       total 48128K, used 27646K [0x88a00000, 0x8b900000, 0x9d380000)
  object space 48128K, 57% used [0x88a00000,0x8a4ffb78,0x8b900000)
 Metaspace       used 13176K, capacity 13397K, committed 13464K, reserved 13616K
Event: 352.704 GC heap after
Heap after GC invocations=15 (full 2):
 PSYoungGen      total 36864K, used 249K [0x9d380000, 0xa0300000, 0xa7800000)
  eden space 30720K, 0% used [0x9d380000,0x9d380000,0x9f180000)
  from space 6144K, 4% used [0x9f180000,0x9f1be7a0,0x9f780000)
  to   space 6400K, 0% used [0x9fcc0000,0x9fcc0000,0xa0300000)
 ParOldGen       total 48128K, used 27646K [0x88a00000, 0x8b900000, 0x9d380000)
  object space 48128K, 57% used [0x88a00000,0x8a4ffb78,0x8b900000)
 Metaspace       used 13176K, capacity 13397K, committed 13464K, reserved 13616K
}
Event: 352.958 GC heap before
{Heap before GC invocations=16 (full 2):
 PSYoungGen      total 36864K, used 30969K [0x9d380000, 0xa0300000, 0xa7800000)
  eden space 30720K, 100% used [0x9d380000,0x9f180000,0x9f180000)
  from space 6144K, 4% used [0x9f180000,0x9f1be7a0,0x9f780000)
  to   space 6400K, 0% used [0x9fcc0000,0x9fcc0000,0xa0300000)
 ParOldGen       total 48128K, used 27646K [0x88a00000, 0x8b900000, 0x9d380000)
  object space 48128K, 57% used [0x88a00000,0x8a4ffb78,0x8b900000)
 Metaspace       used 13176K, capacity 13397K, committed 13464K, reserved 13616K
Event: 352.960 GC heap after
Heap after GC invocations=16 (full 2):
 PSYoungGen      total 41216K, used 233K [0x9d380000, 0xa0280000, 0xa7800000)
  eden space 35328K, 0% used [0x9d380000,0x9d380000,0x9f600000)
  from space 5888K, 3% used [0x9fcc0000,0x9fcfa7a0,0xa0280000)
  to   space 6400K, 0% used [0x9f600000,0x9f600000,0x9fc40000)
 ParOldGen       total 48128K, used 27646K [0x88a00000, 0x8b900000, 0x9d380000)
  object space 48128K, 57% used [0x88a00000,0x8a4ffb78,0x8b900000)
 Metaspace       used 13176K, capacity 13397K, committed 13464K, reserved 13616K
}
Event: 353.408 GC heap before
{Heap before GC invocations=17 (full 2):
 PSYoungGen      total 41216K, used 35561K [0x9d380000, 0xa0280000, 0xa7800000)
  eden space 35328K, 100% used [0x9d380000,0x9f600000,0x9f600000)
  from space 5888K, 3% used [0x9fcc0000,0x9fcfa7a0,0xa0280000)
  to   space 6400K, 0% used [0x9f600000,0x9f600000,0x9fc40000)
 ParOldGen       total 48128K, used 27646K [0x88a00000, 0x8b900000, 0x9d380000)
  object space 48128K, 57% used [0x88a00000,0x8a4ffb78,0x8b900000)
 Metaspace       used 13176K, capacity 13397K, committed 13464K, reserved 13616K
Event: 353.862 GC heap after
Heap after GC invocations=17 (full 2):
 PSYoungGen      total 41728K, used 296K [0x9d380000, 0xa1180000, 0xa7800000)
  eden space 35328K, 0% used [0x9d380000,0x9d380000,0x9f600000)
  from space 6400K, 4% used [0x9f600000,0x9f64a1d8,0x9fc40000)
  to   space 6400K, 0% used [0xa0b40000,0xa0b40000,0xa1180000)
 ParOldGen       total 48128K, used 27646K [0x88a00000, 0x8b900000, 0x9d380000)
  object space 48128K, 57% used [0x88a00000,0x8a4ffb78,0x8b900000)
 Metaspace       used 13176K, capacity 13397K, committed 13464K, reserved 13616K
}
Event: 354.518 GC heap before
{Heap before GC invocations=18 (full 2):
 PSYoungGen      total 41728K, used 35624K [0x9d380000, 0xa1180000, 0xa7800000)
  eden space 35328K, 100% used [0x9d380000,0x9f600000,0x9f600000)
  from space 6400K, 4% used [0x9f600000,0x9f64a1d8,0x9fc40000)
  to   space 6400K, 0% used [0xa0b40000,0xa0b40000,0xa1180000)
 ParOldGen       total 48128K, used 27646K [0x88a00000, 0x8b900000, 0x9d380000)
  object space 48128K, 57% used [0x88a00000,0x8a4ffb78,0x8b900000)
 Metaspace       used 13176K, capacity 13397K, committed 13464K, reserved 13616K
Event: 354.521 GC heap after
Heap after GC invocations=18 (full 2):
 PSYoungGen      total 54016K, used 32K [0x9d380000, 0xa0fc0000, 0xa7800000)
  eden space 49408K, 0% used [0x9d380000,0x9d380000,0xa03c0000)
  from space 4608K, 0% used [0xa0b40000,0xa0b48000,0xa0fc0000)
  to   space 6144K, 0% used [0xa03c0000,0xa03c0000,0xa09c0000)
 ParOldGen       total 48128K, used 27872K [0x88a00000, 0x8b900000, 0x9d380000)
  object space 48128K, 57% used [0x88a00000,0x8a538318,0x8b900000)
 Metaspace       used 13176K, capacity 13397K, committed 13464K, reserved 13616K
}
Event: 354.823 GC heap before
{Heap before GC invocations=19 (full 2):
 PSYoungGen      total 54016K, used 49440K [0x9d380000, 0xa0fc0000, 0xa7800000)
  eden space 49408K, 100% used [0x9d380000,0xa03c0000,0xa03c0000)
  from space 4608K, 0% used [0xa0b40000,0xa0b48000,0xa0fc0000)
  to   space 6144K, 0% used [0xa03c0000,0xa03c0000,0xa09c0000)
 ParOldGen       total 48128K, used 27872K [0x88a00000, 0x8b900000, 0x9d380000)
  object space 48128K, 57% used [0x88a00000,0x8a538318,0x8b900000)
 Metaspace       used 13176K, capacity 13397K, committed 13464K, reserved 13616K

