# JRE version: Java(TM) SE Runtime Environment (8.0_111-b14) (build 1.8.0_111-b14)
# Java VM: Java HotSpot(TM) Server VM (25.111-b14 mixed mode linux-x86 )
Heap:
 PSYoungGen      total 17664K, used 1272K [0x9d380000, 0x9e600000, 0xa7800000)
  eden space 16384K, 0% used [0x9d380000,0x9d380000,0x9e380000)
  from space 1280K, 99% used [0x9e380000,0x9e4be010,0x9e4c0000)
  to   space 1280K, 0% used [0x9e4c0000,0x9e4c0000,0x9e600000)
 ParOldGen       total 22016K, used 17271K [0x88a00000, 0x89f80000, 0x9d380000)
  object space 22016K, 78% used [0x88a00000,0x89adddd0,0x89f80000)
 Metaspace       used 12331K, capacity 12549K, committed 12696K, reserved 13616K
GC Heap History (9 events):
Event: 6.241 GC heap before
{Heap before GC invocations=1 (full 0):
 PSYoungGen      total 9472K, used 7352K [0x9d380000, 0x9de00000, 0xa7800000)
  eden space 8192K, 89% used [0x9d380000,0x9daae140,0x9db80000)
  from space 1280K, 0% used [0x9dcc0000,0x9dcc0000,0x9de00000)
  to   space 1280K, 0% used [0x9db80000,0x9db80000,0x9dcc0000)
 ParOldGen       total 22016K, used 0K [0x88a00000, 0x89f80000, 0x9d380000)
  object space 22016K, 0% used [0x88a00000,0x88a00000,0x89f80000)
 Metaspace       used 8473K, capacity 8662K, committed 8728K, reserved 9520K
Event: 6.278 GC heap after
Heap after GC invocations=1 (full 0):
 PSYoungGen      total 9472K, used 1266K [0x9d380000, 0x9de00000, 0xa7800000)
  eden space 8192K, 0% used [0x9d380000,0x9d380000,0x9db80000)
  from space 1280K, 98% used [0x9db80000,0x9dcbcbe8,0x9dcc0000)
  to   space 1280K, 0% used [0x9dcc0000,0x9dcc0000,0x9de00000)
 ParOldGen       total 22016K, used 1444K [0x88a00000, 0x89f80000, 0x9d380000)
  object space 22016K, 6% used [0x88a00000,0x88b69180,0x89f80000)
 Metaspace       used 8473K, capacity 8662K, committed 8728K, reserved 9520K
}
Event: 6.755 GC heap before
{Heap before GC invocations=2 (full 0):
 PSYoungGen      total 9472K, used 8573K [0x9d380000, 0x9de00000, 0xa7800000)
  eden space 8192K, 89% used [0x9d380000,0x9daa2a90,0x9db80000)
  from space 1280K, 98% used [0x9db80000,0x9dcbcbe8,0x9dcc0000)
  to   space 1280K, 0% used [0x9dcc0000,0x9dcc0000,0x9de00000)
 ParOldGen       total 22016K, used 1444K [0x88a00000, 0x89f80000, 0x9d380000)
  object space 22016K, 6% used [0x88a00000,0x88b69180,0x89f80000)
 Metaspace       used 8502K, capacity 8694K, committed 8728K, reserved 9520K
Event: 6.789 GC heap after
Heap after GC invocations=2 (full 0):
 PSYoungGen      total 9472K, used 1274K [0x9d380000, 0x9e600000, 0xa7800000)
  eden space 8192K, 0% used [0x9d380000,0x9d380000,0x9db80000)
  from space 1280K, 99% used [0x9dcc0000,0x9ddfeb48,0x9de00000)
  to   space 1280K, 0% used [0x9db80000,0x9db80000,0x9dcc0000)
 ParOldGen       total 22016K, used 6054K [0x88a00000, 0x89f80000, 0x9d380000)
  object space 22016K, 27% used [0x88a00000,0x88fe9880,0x89f80000)
 Metaspace       used 8502K, capacity 8694K, committed 8728K, reserved 9520K
}
Event: 11.364 GC heap before
{Heap before GC invocations=3 (full 0):
 PSYoungGen      total 9472K, used 9439K [0x9d380000, 0x9e600000, 0xa7800000)
  eden space 8192K, 99% used [0x9d380000,0x9db793a0,0x9db80000)
  from space 1280K, 99% used [0x9dcc0000,0x9ddfeb48,0x9de00000)
  to   space 1280K, 0% used [0x9db80000,0x9db80000,0x9dcc0000)
 ParOldGen       total 22016K, used 6054K [0x88a00000, 0x89f80000, 0x9d380000)
  object space 22016K, 27% used [0x88a00000,0x88fe9880,0x89f80000)
 Metaspace       used 9385K, capacity 9593K, committed 9624K, reserved 10544K
Event: 11.387 GC heap after
Heap after GC invocations=3 (full 0):
 PSYoungGen      total 9472K, used 1267K [0x9d380000, 0x9e600000, 0xa7800000)
  eden space 8192K, 0% used [0x9d380000,0x9d380000,0x9db80000)
  from space 1280K, 98% used [0x9db80000,0x9dcbcc90,0x9dcc0000)
  to   space 1280K, 0% used [0x9e4c0000,0x9e4c0000,0x9e600000)
 ParOldGen       total 22016K, used 9190K [0x88a00000, 0x89f80000, 0x9d380000)
  object space 22016K, 41% used [0x88a00000,0x892f9bd8,0x89f80000)
 Metaspace       used 9385K, capacity 9593K, committed 9624K, reserved 10544K
}
Event: 12.079 GC heap before
{Heap before GC invocations=4 (full 0):
 PSYoungGen      total 9472K, used 9453K [0x9d380000, 0x9e600000, 0xa7800000)
  eden space 8192K, 99% used [0x9d380000,0x9db7e8e8,0x9db80000)
  from space 1280K, 98% used [0x9db80000,0x9dcbcc90,0x9dcc0000)
  to   space 1280K, 0% used [0x9e4c0000,0x9e4c0000,0x9e600000)
 ParOldGen       total 22016K, used 9190K [0x88a00000, 0x89f80000, 0x9d380000)
  object space 22016K, 41% used [0x88a00000,0x892f9bd8,0x89f80000)
 Metaspace       used 9453K, capacity 9657K, committed 9752K, reserved 10544K
Event: 12.105 GC heap after
Heap after GC invocations=4 (full 0):
 PSYoungGen      total 17664K, used 1275K [0x9d380000, 0x9e600000, 0xa7800000)
  eden space 16384K, 0% used [0x9d380000,0x9d380000,0x9e380000)
  from space 1280K, 99% used [0x9e4c0000,0x9e5fec80,0x9e600000)
  to   space 1280K, 0% used [0x9e380000,0x9e380000,0x9e4c0000)
 ParOldGen       total 22016K, used 15004K [0x88a00000, 0x89f80000, 0x9d380000)
  object space 22016K, 68% used [0x88a00000,0x898a73b0,0x89f80000)
 Metaspace       used 9453K, capacity 9657K, committed 9752K, reserved 10544K
}
Event: 39.796 GC heap before
{Heap before GC invocations=5 (full 0):
 PSYoungGen      total 17664K, used 17659K [0x9d380000, 0x9e600000, 0xa7800000)
  eden space 16384K, 100% used [0x9d380000,0x9e380000,0x9e380000)
  from space 1280K, 99% used [0x9e4c0000,0x9e5fec80,0x9e600000)
  to   space 1280K, 0% used [0x9e380000,0x9e380000,0x9e4c0000)
 ParOldGen       total 22016K, used 15004K [0x88a00000, 0x89f80000, 0x9d380000)
  object space 22016K, 68% used [0x88a00000,0x898a73b0,0x89f80000)
 Metaspace       used 12331K, capacity 12549K, committed 12696K, reserved 13616K

